2023/04/29 02:47:10 [notice] 1#1: using the "epoll" event method
2023/04/29 02:47:10 [notice] 1#1: nginx/1.23.4
2023/04/29 02:47:10 [notice] 1#1: built by gcc 12.2.1 20220924 (Alpine 12.2.1_git20220924-r4) 
2023/04/29 02:47:10 [notice] 1#1: OS: Linux 5.10.16.3-microsoft-standard-WSL2
2023/04/29 02:47:10 [notice] 1#1: getrlimit(RLIMIT_NOFILE): 1048576:1048576
2023/04/29 02:47:10 [notice] 1#1: start worker processes
2023/04/29 02:47:10 [notice] 1#1: start worker process 30
2023/04/29 02:47:10 [notice] 1#1: start worker process 31
2023/04/29 02:47:10 [notice] 1#1: start worker process 32
2023/04/29 02:47:10 [notice] 1#1: start worker process 33
2023/04/29 02:51:14 [notice] 1#1: signal 3 (SIGQUIT) received, shutting down
2023/04/29 02:51:14 [notice] 31#31: gracefully shutting down
2023/04/29 02:51:14 [notice] 30#30: gracefully shutting down
2023/04/29 02:51:14 [notice] 30#30: exiting
2023/04/29 02:51:14 [notice] 32#32: gracefully shutting down
2023/04/29 02:51:14 [notice] 33#33: gracefully shutting down
2023/04/29 02:51:14 [notice] 33#33: exiting
2023/04/29 02:51:14 [notice] 31#31: exiting
2023/04/29 02:51:14 [notice] 30#30: exit
2023/04/29 02:51:14 [notice] 32#32: exiting
2023/04/29 02:51:14 [notice] 32#32: exit
2023/04/29 02:51:14 [notice] 33#33: exit
2023/04/29 02:51:14 [notice] 31#31: exit
2023/04/29 02:51:15 [notice] 1#1: signal 17 (SIGCHLD) received from 30
2023/04/29 02:51:15 [notice] 1#1: worker process 30 exited with code 0
2023/04/29 02:51:15 [notice] 1#1: worker process 31 exited with code 0
2023/04/29 02:51:15 [notice] 1#1: worker process 32 exited with code 0
2023/04/29 02:51:15 [notice] 1#1: worker process 33 exited with code 0
2023/04/29 02:51:15 [notice] 1#1: exit
2023/04/29 02:51:26 [notice] 1#1: using the "epoll" event method
2023/04/29 02:51:26 [notice] 1#1: nginx/1.23.4
2023/04/29 02:51:26 [notice] 1#1: built by gcc 12.2.1 20220924 (Alpine 12.2.1_git20220924-r4) 
2023/04/29 02:51:26 [notice] 1#1: OS: Linux 5.10.16.3-microsoft-standard-WSL2
2023/04/29 02:51:26 [notice] 1#1: getrlimit(RLIMIT_NOFILE): 1048576:1048576
2023/04/29 02:51:26 [notice] 1#1: start worker processes
2023/04/29 02:51:26 [notice] 1#1: start worker process 30
2023/04/29 02:51:26 [notice] 1#1: start worker process 31
2023/04/29 02:51:26 [notice] 1#1: start worker process 32
2023/04/29 02:51:26 [notice] 1#1: start worker process 33
2023/04/29 02:51:33 [error] 30#30: *1 directory index of "/usr/share/nginx/html/" is forbidden, client: 172.21.0.1, server: localhost, request: "GET / HTTP/1.1", host: "localhost:9090"
2023/04/29 02:53:14 [notice] 1#1: signal 3 (SIGQUIT) received, shutting down
2023/04/29 02:53:14 [notice] 31#31: gracefully shutting down
2023/04/29 02:53:14 [notice] 31#31: exiting
2023/04/29 02:53:14 [notice] 33#33: gracefully shutting down
2023/04/29 02:53:14 [notice] 33#33: exiting
2023/04/29 02:53:14 [notice] 32#32: gracefully shutting down
2023/04/29 02:53:14 [notice] 30#30: gracefully shutting down
2023/04/29 02:53:14 [notice] 31#31: exit
2023/04/29 02:53:14 [notice] 33#33: exit
2023/04/29 02:53:14 [notice] 32#32: exiting
2023/04/29 02:53:14 [notice] 30#30: exiting
2023/04/29 02:53:14 [notice] 32#32: exit
2023/04/29 02:53:14 [notice] 30#30: exit
2023/04/29 02:53:15 [notice] 1#1: signal 17 (SIGCHLD) received from 31
2023/04/29 02:53:15 [notice] 1#1: worker process 31 exited with code 0
2023/04/29 02:53:15 [notice] 1#1: signal 29 (SIGIO) received
2023/04/29 02:53:15 [notice] 1#1: signal 17 (SIGCHLD) received from 33
2023/04/29 02:53:15 [notice] 1#1: worker process 33 exited with code 0
2023/04/29 02:53:15 [notice] 1#1: signal 29 (SIGIO) received
2023/04/29 02:53:15 [notice] 1#1: signal 17 (SIGCHLD) received from 32
2023/04/29 02:53:15 [notice] 1#1: worker process 32 exited with code 0
2023/04/29 02:53:15 [notice] 1#1: signal 29 (SIGIO) received
2023/04/29 02:53:15 [notice] 1#1: signal 17 (SIGCHLD) received from 30
2023/04/29 02:53:15 [notice] 1#1: worker process 30 exited with code 0
2023/04/29 02:53:15 [notice] 1#1: exit
2023/04/29 02:53:39 [notice] 1#1: using the "epoll" event method
2023/04/29 02:53:39 [notice] 1#1: nginx/1.23.4
2023/04/29 02:53:39 [notice] 1#1: built by gcc 12.2.1 20220924 (Alpine 12.2.1_git20220924-r4) 
2023/04/29 02:53:39 [notice] 1#1: OS: Linux 5.10.16.3-microsoft-standard-WSL2
2023/04/29 02:53:39 [notice] 1#1: getrlimit(RLIMIT_NOFILE): 1048576:1048576
2023/04/29 02:53:39 [notice] 1#1: start worker processes
2023/04/29 02:53:39 [notice] 1#1: start worker process 30
2023/04/29 02:53:39 [notice] 1#1: start worker process 31
2023/04/29 02:53:39 [notice] 1#1: start worker process 32
2023/04/29 02:53:39 [notice] 1#1: start worker process 33
2023/04/29 02:54:32 [error] 31#31: *2 directory index of "/usr/share/nginx/html/" is forbidden, client: 172.21.0.1, server: localhost, request: "GET / HTTP/1.1", host: "localhost:9090"
2023/04/29 02:56:18 [notice] 1#1: signal 3 (SIGQUIT) received, shutting down
2023/04/29 02:56:18 [notice] 30#30: gracefully shutting down
2023/04/29 02:56:18 [notice] 31#31: gracefully shutting down
2023/04/29 02:56:18 [notice] 32#32: gracefully shutting down
2023/04/29 02:56:18 [notice] 33#33: gracefully shutting down
2023/04/29 02:56:18 [notice] 30#30: exiting
2023/04/29 02:56:18 [notice] 31#31: exiting
2023/04/29 02:56:18 [notice] 30#30: exit
2023/04/29 02:56:18 [notice] 32#32: exiting
2023/04/29 02:56:18 [notice] 32#32: exit
2023/04/29 02:56:18 [notice] 33#33: exiting
2023/04/29 02:56:18 [notice] 33#33: exit
2023/04/29 02:56:18 [notice] 31#31: exit
2023/04/29 02:56:18 [notice] 1#1: signal 17 (SIGCHLD) received from 33
2023/04/29 02:56:18 [notice] 1#1: worker process 30 exited with code 0
2023/04/29 02:56:18 [notice] 1#1: worker process 31 exited with code 0
2023/04/29 02:56:18 [notice] 1#1: worker process 32 exited with code 0
2023/04/29 02:56:18 [notice] 1#1: worker process 33 exited with code 0
2023/04/29 02:56:18 [notice] 1#1: exit
2023/04/29 02:56:36 [notice] 1#1: using the "epoll" event method
2023/04/29 02:56:36 [notice] 1#1: nginx/1.23.4
2023/04/29 02:56:36 [notice] 1#1: built by gcc 12.2.1 20220924 (Alpine 12.2.1_git20220924-r4) 
2023/04/29 02:56:36 [notice] 1#1: OS: Linux 5.10.16.3-microsoft-standard-WSL2
2023/04/29 02:56:36 [notice] 1#1: getrlimit(RLIMIT_NOFILE): 1048576:1048576
2023/04/29 02:56:36 [notice] 1#1: start worker processes
2023/04/29 02:56:36 [notice] 1#1: start worker process 30
2023/04/29 02:56:36 [notice] 1#1: start worker process 31
2023/04/29 02:56:36 [notice] 1#1: start worker process 32
2023/04/29 02:56:36 [notice] 1#1: start worker process 33
2023/04/29 02:56:57 [error] 30#30: *1 directory index of "/usr/share/nginx/html/" is forbidden, client: 172.21.0.1, server: localhost, request: "GET / HTTP/1.1", host: "localhost:9090"
2023/04/29 02:59:18 [error] 33#33: *4 directory index of "/usr/share/nginx/html/" is forbidden, client: 172.21.0.1, server: localhost, request: "GET / HTTP/1.1", host: "localhost:9090"
2023/04/29 03:00:47 [error] 30#30: *7 directory index of "/usr/share/nginx/html/" is forbidden, client: 172.21.0.1, server: localhost, request: "GET / HTTP/1.1", host: "localhost:9090"
2023/04/29 03:02:53 [error] 30#30: *9 directory index of "/usr/share/nginx/html/" is forbidden, client: 172.21.0.1, server: localhost, request: "GET / HTTP/1.1", host: "localhost:9090"
2023/04/29 03:04:01 [notice] 1#1: signal 3 (SIGQUIT) received, shutting down
2023/04/29 03:04:01 [notice] 32#32: gracefully shutting down
2023/04/29 03:04:01 [notice] 30#30: gracefully shutting down
2023/04/29 03:04:01 [notice] 31#31: gracefully shutting down
2023/04/29 03:04:01 [notice] 33#33: gracefully shutting down
2023/04/29 03:04:01 [notice] 32#32: exiting
2023/04/29 03:04:01 [notice] 30#30: exiting
2023/04/29 03:04:01 [notice] 31#31: exiting
2023/04/29 03:04:01 [notice] 33#33: exiting
2023/04/29 03:04:01 [notice] 32#32: exit
2023/04/29 03:04:01 [notice] 30#30: exit
2023/04/29 03:04:01 [notice] 31#31: exit
2023/04/29 03:04:01 [notice] 33#33: exit
2023/04/29 03:04:01 [notice] 1#1: signal 17 (SIGCHLD) received from 32
2023/04/29 03:04:01 [notice] 1#1: worker process 30 exited with code 0
2023/04/29 03:04:01 [notice] 1#1: worker process 32 exited with code 0
2023/04/29 03:04:01 [notice] 1#1: signal 29 (SIGIO) received
2023/04/29 03:04:01 [notice] 1#1: signal 17 (SIGCHLD) received from 30
2023/04/29 03:04:01 [notice] 1#1: worker process 31 exited with code 0
2023/04/29 03:04:01 [notice] 1#1: worker process 33 exited with code 0
2023/04/29 03:04:01 [notice] 1#1: exit
2023/04/29 03:04:17 [notice] 1#1: using the "epoll" event method
2023/04/29 03:04:17 [notice] 1#1: nginx/1.23.4
2023/04/29 03:04:17 [notice] 1#1: built by gcc 12.2.1 20220924 (Alpine 12.2.1_git20220924-r4) 
2023/04/29 03:04:17 [notice] 1#1: OS: Linux 5.10.16.3-microsoft-standard-WSL2
2023/04/29 03:04:17 [notice] 1#1: getrlimit(RLIMIT_NOFILE): 1048576:1048576
2023/04/29 03:04:17 [notice] 1#1: start worker processes
2023/04/29 03:04:17 [notice] 1#1: start worker process 30
2023/04/29 03:04:17 [notice] 1#1: start worker process 31
2023/04/29 03:04:17 [notice] 1#1: start worker process 32
2023/04/29 03:04:17 [notice] 1#1: start worker process 33
2023/04/29 03:04:33 [error] 30#30: *1 directory index of "/usr/share/nginx/html/" is forbidden, client: 172.21.0.1, server: localhost, request: "GET / HTTP/1.1", host: "localhost:9090"
2023/04/29 03:04:36 [error] 30#30: *1 directory index of "/usr/share/nginx/html/" is forbidden, client: 172.21.0.1, server: localhost, request: "GET / HTTP/1.1", host: "localhost:9090"
2023/04/29 03:05:00 [error] 33#33: *4 directory index of "/usr/share/nginx/html/" is forbidden, client: 172.21.0.1, server: localhost, request: "GET / HTTP/1.1", host: "localhost:9090"
2023/04/29 03:05:02 [error] 33#33: *4 directory index of "/usr/share/nginx/html/" is forbidden, client: 172.21.0.1, server: localhost, request: "GET / HTTP/1.1", host: "localhost:9090"
2023/04/29 03:06:04 [error] 30#30: *8 directory index of "/usr/share/nginx/html/" is forbidden, client: 172.21.0.1, server: localhost, request: "GET / HTTP/1.1", host: "localhost:9090"
2023/04/29 03:14:21 [notice] 1#1: signal 3 (SIGQUIT) received, shutting down
2023/04/29 03:14:21 [notice] 30#30: gracefully shutting down
2023/04/29 03:14:21 [notice] 30#30: exiting
2023/04/29 03:14:21 [notice] 31#31: gracefully shutting down
2023/04/29 03:14:21 [notice] 31#31: exiting
2023/04/29 03:14:21 [notice] 32#32: gracefully shutting down
2023/04/29 03:14:21 [notice] 33#33: gracefully shutting down
2023/04/29 03:14:21 [notice] 33#33: exiting
2023/04/29 03:14:21 [notice] 30#30: exit
2023/04/29 03:14:21 [notice] 31#31: exit
2023/04/29 03:14:21 [notice] 32#32: exiting
2023/04/29 03:14:21 [notice] 33#33: exit
2023/04/29 03:14:21 [notice] 32#32: exit
2023/04/29 03:14:21 [notice] 1#1: signal 17 (SIGCHLD) received from 31
2023/04/29 03:14:21 [notice] 1#1: worker process 31 exited with code 0
2023/04/29 03:14:21 [notice] 1#1: signal 29 (SIGIO) received
2023/04/29 03:14:21 [notice] 1#1: signal 17 (SIGCHLD) received from 30
2023/04/29 03:14:21 [notice] 1#1: worker process 30 exited with code 0
2023/04/29 03:14:21 [notice] 1#1: worker process 32 exited with code 0
2023/04/29 03:14:21 [notice] 1#1: worker process 33 exited with code 0
2023/04/29 03:14:21 [notice] 1#1: exit
2023/04/29 03:15:57 [notice] 1#1: using the "epoll" event method
2023/04/29 03:15:57 [notice] 1#1: nginx/1.23.4
2023/04/29 03:15:57 [notice] 1#1: built by gcc 12.2.1 20220924 (Alpine 12.2.1_git20220924-r4) 
2023/04/29 03:15:57 [notice] 1#1: OS: Linux 5.10.16.3-microsoft-standard-WSL2
2023/04/29 03:15:57 [notice] 1#1: getrlimit(RLIMIT_NOFILE): 1048576:1048576
2023/04/29 03:15:57 [notice] 1#1: start worker processes
2023/04/29 03:15:57 [notice] 1#1: start worker process 29
2023/04/29 03:15:57 [notice] 1#1: start worker process 30
2023/04/29 03:15:57 [notice] 1#1: start worker process 31
2023/04/29 03:15:57 [notice] 1#1: start worker process 32
